<?xml version="1.0" encoding="UTF-8"?>
<testsuite name="visitor.CalcVisitorTest" tests="3" skipped="0" failures="0" errors="0" timestamp="2020-11-28T13:26:01" hostname="DESKTOP-DSTT7UI" time="0.009">
  <properties/>
  <testcase name="simpleTest" classname="visitor.CalcVisitorTest" time="0.007"/>
  <testcase name="complicatedTest" classname="visitor.CalcVisitorTest" time="0.0"/>
  <testcase name="missingOperandTest" classname="visitor.CalcVisitorTest" time="0.001"/>
  <system-out><![CDATA[]]></system-out>
  <system-err><![CDATA[]]></system-err>
</testsuite>
